Running blockMesh on /gpfs/scratch/pr1ejg00/pr1ejg20/openfoam/apio_64M/96
Running decomposePar on /gpfs/scratch/pr1ejg00/pr1ejg20/openfoam/apio_64M/96
Running refineMesh (96 processes) on /gpfs/scratch/pr1ejg00/pr1ejg20/openfoam/apio_64M/96 
Running refineMesh (96 processes) on /gpfs/scratch/pr1ejg00/pr1ejg20/openfoam/apio_64M/96 
Running checkMesh (96 processes) on /gpfs/scratch/pr1ejg00/pr1ejg20/openfoam/apio_64M/96 
RUNNING AP-IO ...
RUNNING ORIG ...
RUNNING AP-IO ...
RUNNING ORIG ...
RUNNING AP-IO ...
RUNNING ORIG ...
RUNNING AP-IO ...
RUNNING ORIG ...
RUNNING AP-IO ...
RUNNING ORIG ...
RUNNING AP-IO ...
RUNNING ORIG ...
RUNNING AP-IO ...
RUNNING ORIG ...
RUNNING AP-IO ...
RUNNING ORIG ...
RUNNING AP-IO ...
RUNNING ORIG ...
RUNNING AP-IO ...
RUNNING ORIG ...
RUNNING AP-IO ...
RUNNING ORIG ...
RUNNING AP-IO ...
RUNNING ORIG ...
RUNNING AP-IO ...
RUNNING ORIG ...
RUNNING AP-IO ...
RUNNING ORIG ...
RUNNING AP-IO ...
RUNNING ORIG ...
RUNNING AP-IO ...
RUNNING ORIG ...
