Running blockMesh on /gpfs/scratch/pr1ejg00/pr1ejg20/openfoam/apio_32M/96
Running decomposePar on /gpfs/scratch/pr1ejg00/pr1ejg20/openfoam/apio_32M/96
Running refineMesh (96 processes) on /gpfs/scratch/pr1ejg00/pr1ejg20/openfoam/apio_32M/96 
Running refineMesh (96 processes) on /gpfs/scratch/pr1ejg00/pr1ejg20/openfoam/apio_32M/96 
Running checkMesh (96 processes) on /gpfs/scratch/pr1ejg00/pr1ejg20/openfoam/apio_32M/96 
RUNNING AP-IO ...
RUNNING ORIG ...
RUNNING AP-IO ...
RUNNING ORIG ...
RUNNING AP-IO ...
RUNNING ORIG ...
RUNNING AP-IO ...
RUNNING ORIG ...
RUNNING AP-IO ...
RUNNING ORIG ...
RUNNING AP-IO ...
RUNNING ORIG ...
RUNNING AP-IO ...
RUNNING ORIG ...
RUNNING AP-IO ...
RUNNING ORIG ...
RUNNING AP-IO ...
RUNNING ORIG ...
RUNNING AP-IO ...
RUNNING ORIG ...
RUNNING AP-IO ...
RUNNING ORIG ...
RUNNING AP-IO ...
RUNNING ORIG ...
RUNNING AP-IO ...
RUNNING ORIG ...
RUNNING AP-IO ...
RUNNING ORIG ...
RUNNING AP-IO ...
RUNNING ORIG ...
RUNNING AP-IO ...
RUNNING ORIG ...
RUNNING AP-IO ...
RUNNING ORIG ...
RUNNING AP-IO ...
RUNNING ORIG ...
RUNNING AP-IO ...
RUNNING ORIG ...
RUNNING AP-IO ...
RUNNING ORIG ...
RUNNING AP-IO ...
RUNNING ORIG ...
RUNNING AP-IO ...
RUNNING ORIG ...
RUNNING AP-IO ...
RUNNING ORIG ...
RUNNING AP-IO ...
RUNNING ORIG ...
RUNNING AP-IO ...
RUNNING ORIG ...
RUNNING AP-IO ...
RUNNING ORIG ...
RUNNING AP-IO ...
RUNNING ORIG ...
RUNNING AP-IO ...
RUNNING ORIG ...
RUNNING AP-IO ...
RUNNING ORIG ...
RUNNING AP-IO ...
RUNNING ORIG ...
RUNNING AP-IO ...
RUNNING ORIG ...
RUNNING AP-IO ...
RUNNING ORIG ...
RUNNING AP-IO ...
RUNNING ORIG ...
RUNNING AP-IO ...
RUNNING ORIG ...
RUNNING AP-IO ...
RUNNING ORIG ...
RUNNING AP-IO ...
RUNNING ORIG ...
RUNNING AP-IO ...
srun: Job step aborted: Waiting up to 32 seconds for job step to finish.
slurmstepd: error: *** JOB 12497490 ON s24r2b69 CANCELLED AT 2020-11-17T14:40:30 DUE TO TIME LIMIT ***
slurmstepd: error: *** STEP 12497490.75 ON s24r2b69 CANCELLED AT 2020-11-17T14:40:30 DUE TO TIME LIMIT ***
