Running blockMesh on /lustre/cray/ws9/2/ws/hpcmcast-ashee2/HAWK/apio_32M/1024
Running decomposePar on /lustre/cray/ws9/2/ws/hpcmcast-ashee2/HAWK/apio_32M/1024
Running refineMesh (1024 processes) on /lustre/cray/ws9/2/ws/hpcmcast-ashee2/HAWK/apio_32M/1024 
Running refineMesh (1024 processes) on /lustre/cray/ws9/2/ws/hpcmcast-ashee2/HAWK/apio_32M/1024 
Running checkMesh (1024 processes) on /lustre/cray/ws9/2/ws/hpcmcast-ashee2/HAWK/apio_32M/1024 
RUNNING AP-IO ...
RUNNING ORIG ...
RUNNING AP-IO ...
RUNNING ORIG ...
RUNNING AP-IO ...
RUNNING ORIG ...
RUNNING AP-IO ...
RUNNING ORIG ...
RUNNING AP-IO ...
RUNNING ORIG ...
RUNNING AP-IO ...
RUNNING ORIG ...
RUNNING AP-IO ...
RUNNING ORIG ...
RUNNING AP-IO ...
RUNNING ORIG ...
RUNNING AP-IO ...
RUNNING ORIG ...
RUNNING AP-IO ...
RUNNING ORIG ...
RUNNING AP-IO ...
RUNNING ORIG ...
RUNNING AP-IO ...
RUNNING AP-IO ...
RUNNING ORIG ...
RUNNING AP-IO ...
RUNNING ORIG ...
RUNNING AP-IO ...
RUNNING ORIG ...
RUNNING AP-IO ...
RUNNING ORIG ...
RUNNING AP-IO ...
RUNNING ORIG ...
RUNNING AP-IO ...
RUNNING ORIG ...
RUNNING AP-IO ...
